{"uuid":"f8582081-4193-4713-83e9-9ffc712f1302","historyId":"c11cec6abb8f715b08c90df2b6de2dca","fullName":"org.example.oops.MainPageTest.toolsMenu","labels":[{"name":"package","value":"org.example.oops.MainPageTest"},{"name":"testClass","value":"org.example.oops.MainPageTest"},{"name":"testMethod","value":"toolsMenu"},{"name":"parentSuite","value":"Default Suite"},{"name":"suite","value":"OOPS"},{"name":"subSuite","value":"org.example.oops.MainPageTest"},{"name":"host","value":"Honor"},{"name":"thread","value":"12196@Honor.main(1)"},{"name":"framework","value":"testng"},{"name":"language","value":"java"}],"links":[],"name":"toolsMenu","status":"failed","statusDetails":{"known":false,"muted":false,"flaky":false,"message":"Invalid element state [By.xpath: //div[@data-test='main-menu-item' and @data-test-marker = 'Developer Tools']]: element click intercepted: Element <div class=\"_mainMenuItem_fcwvhs_3\" data-test=\"main-menu-item\" data-test-marker=\"Developer Tools\">...</div> is not clickable at point (436, 36). Other element would receive the click: <div data-nosnippet=\"\" class=\"jetbrains-cookies-backdrop\"></div>\r\nScreenshot: file:/C:/Users/hneth/IdeaProjects/OOPS/build/reports/tests/1743861569389.2.png\r\nPage source: file:/C:/Users/hneth/IdeaProjects/OOPS/build/reports/tests/1743861569389.2.html\r\nTimeout: 4 s.\r\nCaused by: ElementClickInterceptedException: element click intercepted: Element <div class=\"_mainMenuItem_fcwvhs_3\" data-test=\"main-menu-item\" data-test-marker=\"Developer Tools\">...</div> is not clickable at point (436, 36). Other element would receive the click: <div data-nosnippet=\"\" class=\"jetbrains-cookies-backdrop\"></div>","trace":"Invalid element state [By.xpath: //div[@data-test='main-menu-item' and @data-test-marker = 'Developer Tools']]: element click intercepted: Element <div class=\"_mainMenuItem_fcwvhs_3\" data-test=\"main-menu-item\" data-test-marker=\"Developer Tools\">...</div> is not clickable at point (436, 36). Other element would receive the click: <div data-nosnippet=\"\" class=\"jetbrains-cookies-backdrop\"></div>\r\nScreenshot: file:/C:/Users/hneth/IdeaProjects/OOPS/build/reports/tests/1743861569389.2.png\r\nPage source: file:/C:/Users/hneth/IdeaProjects/OOPS/build/reports/tests/1743861569389.2.html\r\nTimeout: 4 s.\r\nCaused by: ElementClickInterceptedException: element click intercepted: Element <div class=\"_mainMenuItem_fcwvhs_3\" data-test=\"main-menu-item\" data-test-marker=\"Developer Tools\">...</div> is not clickable at point (436, 36). Other element would receive the click: <div data-nosnippet=\"\" class=\"jetbrains-cookies-backdrop\"></div>\r\n\tat com.codeborne.selenide.impl.ExceptionWrapper.wrap(ExceptionWrapper.java:19)\r\n\tat com.codeborne.selenide.impl.SelenideElementProxy.dispatchAndRetry(SelenideElementProxy.java:153)\r\n\tat com.codeborne.selenide.impl.SelenideElementProxy.invoke(SelenideElementProxy.java:83)\r\n\tat jdk.proxy2/jdk.proxy2.$Proxy8.click(Unknown Source)\r\n\tat org.example.oops.MainPageTest.toolsMenu(MainPageTest.java:41)\r\n\tat java.base/jdk.internal.reflect.DirectMethodHandleAccessor.invoke(DirectMethodHandleAccessor.java:103)\r\n\tat java.base/java.lang.reflect.Method.invoke(Method.java:580)\r\n\tat org.testng.internal.invokers.MethodInvocationHelper.invokeMethod(MethodInvocationHelper.java:141)\r\n\tat org.testng.internal.invokers.TestInvoker.invokeMethod(TestInvoker.java:686)\r\n\tat org.testng.internal.invokers.TestInvoker.invokeTestMethod(TestInvoker.java:230)\r\n\tat org.testng.internal.invokers.MethodRunner.runInSequence(MethodRunner.java:63)\r\n\tat org.testng.internal.invokers.TestInvoker$MethodInvocationAgent.invoke(TestInvoker.java:992)\r\n\tat org.testng.internal.invokers.TestInvoker.invokeTestMethods(TestInvoker.java:203)\r\n\tat org.testng.internal.invokers.TestMethodWorker.invokeTestMethods(TestMethodWorker.java:154)\r\n\tat org.testng.internal.invokers.TestMethodWorker.run(TestMethodWorker.java:134)\r\n\tat java.base/java.util.ArrayList.forEach(ArrayList.java:1596)\r\n\tat org.testng.TestRunner.privateRun(TestRunner.java:739)\r\n\tat org.testng.TestRunner.run(TestRunner.java:614)\r\n\tat org.testng.SuiteRunner.runTest(SuiteRunner.java:421)\r\n\tat org.testng.SuiteRunner.runSequentially(SuiteRunner.java:413)\r\n\tat org.testng.SuiteRunner.privateRun(SuiteRunner.java:373)\r\n\tat org.testng.SuiteRunner.run(SuiteRunner.java:312)\r\n\tat org.testng.SuiteRunnerWorker.runSuite(SuiteRunnerWorker.java:52)\r\n\tat org.testng.SuiteRunnerWorker.run(SuiteRunnerWorker.java:95)\r\n\tat org.testng.TestNG.runSuitesSequentially(TestNG.java:1274)\r\n\tat org.testng.TestNG.runSuitesLocally(TestNG.java:1208)\r\n\tat org.testng.TestNG.runSuites(TestNG.java:1112)\r\n\tat org.testng.TestNG.run(TestNG.java:1079)\r\n\tat com.intellij.rt.testng.IDEARemoteTestNG.run(IDEARemoteTestNG.java:65)\r\n\tat com.intellij.rt.testng.RemoteTestNGStarter.main(RemoteTestNGStarter.java:105)\r\nCaused by: org.openqa.selenium.ElementClickInterceptedException: element click intercepted: Element <div class=\"_mainMenuItem_fcwvhs_3\" data-test=\"main-menu-item\" data-test-marker=\"Developer Tools\">...</div> is not clickable at point (436, 36). Other element would receive the click: <div data-nosnippet=\"\" class=\"jetbrains-cookies-backdrop\"></div>\n  (Session info: chrome=135.0.7049.41)\nBuild info: version: '4.19.1', revision: 'abe0ee07dc'\nSystem info: os.name: 'Windows 11', os.arch: 'amd64', os.version: '10.0', java.version: '21.0.5'\nDriver info: org.openqa.selenium.chrome.ChromeDriver\nCommand: [fdd6e31d131aa3d76a14983702d99542, clickElement {id=f.636AC26D64A4B8707B254F28C88EE589.d.318C9899D6D360DE56DA82FAD8598763.e.78}]\nCapabilities {acceptInsecureCerts: true, browserName: chrome, browserVersion: 135.0.7049.41, chrome: {chromedriverVersion: 135.0.7049.42 (0f351bbd2617..., userDataDir: C:\\Users\\hneth\\AppData\\Loca...}, fedcm:accounts: true, goog:chromeOptions: {debuggerAddress: localhost:63592}, networkConnectionEnabled: false, pageLoadStrategy: normal, platformName: windows, proxy: Proxy(), se:cdp: ws://localhost:63592/devtoo..., se:cdpVersion: 135.0.7049.41, setWindowRect: true, strictFileInteractability: false, timeouts: {implicit: 0, pageLoad: 300000, script: 30000}, unhandledPromptBehavior: accept, webauthn:extension:credBlob: true, webauthn:extension:largeBlob: true, webauthn:extension:minPinLength: true, webauthn:extension:prf: true, webauthn:virtualAuthenticators: true}\nElement: [[ChromeDriver: chrome on windows (fdd6e31d131aa3d76a14983702d99542)] -> xpath: //div[@data-test='main-menu-item' and @data-test-marker = 'Developer Tools']]\nSession ID: fdd6e31d131aa3d76a14983702d99542\r\n\tat java.base/jdk.internal.reflect.DirectConstructorHandleAccessor.newInstance(DirectConstructorHandleAccessor.java:62)\r\n\tat java.base/java.lang.reflect.Constructor.newInstanceWithCaller(Constructor.java:502)\r\n\tat java.base/java.lang.reflect.Constructor.newInstance(Constructor.java:486)\r\n\tat org.openqa.selenium.remote.ErrorCodec.decode(ErrorCodec.java:167)\r\n\tat org.openqa.selenium.remote.codec.w3c.W3CHttpResponseCodec.decode(W3CHttpResponseCodec.java:138)\r\n\tat org.openqa.selenium.remote.codec.w3c.W3CHttpResponseCodec.decode(W3CHttpResponseCodec.java:50)\r\n\tat org.openqa.selenium.remote.HttpCommandExecutor.execute(HttpCommandExecutor.java:190)\r\n\tat org.openqa.selenium.remote.service.DriverCommandExecutor.invokeExecute(DriverCommandExecutor.java:216)\r\n\tat org.openqa.selenium.remote.service.DriverCommandExecutor.execute(DriverCommandExecutor.java:174)\r\n\tat org.openqa.selenium.remote.RemoteWebDriver.execute(RemoteWebDriver.java:518)\r\n\tat org.openqa.selenium.remote.RemoteWebElement.execute(RemoteWebElement.java:223)\r\n\tat org.openqa.selenium.remote.RemoteWebElement.click(RemoteWebElement.java:76)\r\n\tat com.codeborne.selenide.commands.Click.defaultClick(Click.java:94)\r\n\tat com.codeborne.selenide.commands.Click.doClick(Click.java:72)\r\n\tat com.codeborne.selenide.commands.Click.click(Click.java:48)\r\n\tat com.codeborne.selenide.commands.Click.execute(Click.java:28)\r\n\tat com.codeborne.selenide.FluentCommand.execute(FluentCommand.java:23)\r\n\tat com.codeborne.selenide.FluentCommand.execute(FluentCommand.java:19)\r\n\tat com.codeborne.selenide.commands.Commands.execute(Commands.java:159)\r\n\tat com.codeborne.selenide.impl.SelenideElementProxy.dispatchAndRetry(SelenideElementProxy.java:131)\r\n\t... 28 more\r\n"},"stage":"finished","steps":[{"name":"$(\"By.xpath: //div[@data-test='main-menu-item' and @data-test-marker = 'Developer Tools']\") click()","status":"failed","statusDetails":{"known":false,"muted":false,"flaky":false,"message":"Invalid element state [By.xpath: //div[@data-test='main-menu-item' and @data-test-marker = 'Developer Tools']]: element click intercepted: Element <div class=\"_mainMenuItem_fcwvhs_3\" data-test=\"main-menu-item\" data-test-marker=\"Developer Tools\">...</div> is not clickable at point (436, 36). Other element would receive the click: <div data-nosnippet=\"\" class=\"jetbrains-cookies-backdrop\"></div>\r\nScreenshot: file:/C:/Users/hneth/IdeaProjects/OOPS/build/reports/tests/1743861569389.2.png\r\nPage source: file:/C:/Users/hneth/IdeaProjects/OOPS/build/reports/tests/1743861569389.2.html\r\nTimeout: 4 s.\r\nCaused by: ElementClickInterceptedException: element click intercepted: Element <div class=\"_mainMenuItem_fcwvhs_3\" data-test=\"main-menu-item\" data-test-marker=\"Developer Tools\">...</div> is not clickable at point (436, 36). Other element would receive the click: <div data-nosnippet=\"\" class=\"jetbrains-cookies-backdrop\"></div>","trace":"Invalid element state [By.xpath: //div[@data-test='main-menu-item' and @data-test-marker = 'Developer Tools']]: element click intercepted: Element <div class=\"_mainMenuItem_fcwvhs_3\" data-test=\"main-menu-item\" data-test-marker=\"Developer Tools\">...</div> is not clickable at point (436, 36). Other element would receive the click: <div data-nosnippet=\"\" class=\"jetbrains-cookies-backdrop\"></div>\r\nScreenshot: file:/C:/Users/hneth/IdeaProjects/OOPS/build/reports/tests/1743861569389.2.png\r\nPage source: file:/C:/Users/hneth/IdeaProjects/OOPS/build/reports/tests/1743861569389.2.html\r\nTimeout: 4 s.\r\nCaused by: ElementClickInterceptedException: element click intercepted: Element <div class=\"_mainMenuItem_fcwvhs_3\" data-test=\"main-menu-item\" data-test-marker=\"Developer Tools\">...</div> is not clickable at point (436, 36). Other element would receive the click: <div data-nosnippet=\"\" class=\"jetbrains-cookies-backdrop\"></div>\r\n\tat com.codeborne.selenide.impl.ExceptionWrapper.wrap(ExceptionWrapper.java:19)\r\n\tat com.codeborne.selenide.impl.SelenideElementProxy.dispatchAndRetry(SelenideElementProxy.java:153)\r\n\tat com.codeborne.selenide.impl.SelenideElementProxy.invoke(SelenideElementProxy.java:83)\r\n\tat jdk.proxy2/jdk.proxy2.$Proxy8.click(Unknown Source)\r\n\tat org.example.oops.MainPageTest.toolsMenu(MainPageTest.java:41)\r\n\tat java.base/jdk.internal.reflect.DirectMethodHandleAccessor.invoke(DirectMethodHandleAccessor.java:103)\r\n\tat java.base/java.lang.reflect.Method.invoke(Method.java:580)\r\n\tat org.testng.internal.invokers.MethodInvocationHelper.invokeMethod(MethodInvocationHelper.java:141)\r\n\tat org.testng.internal.invokers.TestInvoker.invokeMethod(TestInvoker.java:686)\r\n\tat org.testng.internal.invokers.TestInvoker.invokeTestMethod(TestInvoker.java:230)\r\n\tat org.testng.internal.invokers.MethodRunner.runInSequence(MethodRunner.java:63)\r\n\tat org.testng.internal.invokers.TestInvoker$MethodInvocationAgent.invoke(TestInvoker.java:992)\r\n\tat org.testng.internal.invokers.TestInvoker.invokeTestMethods(TestInvoker.java:203)\r\n\tat org.testng.internal.invokers.TestMethodWorker.invokeTestMethods(TestMethodWorker.java:154)\r\n\tat org.testng.internal.invokers.TestMethodWorker.run(TestMethodWorker.java:134)\r\n\tat java.base/java.util.ArrayList.forEach(ArrayList.java:1596)\r\n\tat org.testng.TestRunner.privateRun(TestRunner.java:739)\r\n\tat org.testng.TestRunner.run(TestRunner.java:614)\r\n\tat org.testng.SuiteRunner.runTest(SuiteRunner.java:421)\r\n\tat org.testng.SuiteRunner.runSequentially(SuiteRunner.java:413)\r\n\tat org.testng.SuiteRunner.privateRun(SuiteRunner.java:373)\r\n\tat org.testng.SuiteRunner.run(SuiteRunner.java:312)\r\n\tat org.testng.SuiteRunnerWorker.runSuite(SuiteRunnerWorker.java:52)\r\n\tat org.testng.SuiteRunnerWorker.run(SuiteRunnerWorker.java:95)\r\n\tat org.testng.TestNG.runSuitesSequentially(TestNG.java:1274)\r\n\tat org.testng.TestNG.runSuitesLocally(TestNG.java:1208)\r\n\tat org.testng.TestNG.runSuites(TestNG.java:1112)\r\n\tat org.testng.TestNG.run(TestNG.java:1079)\r\n\tat com.intellij.rt.testng.IDEARemoteTestNG.run(IDEARemoteTestNG.java:65)\r\n\tat com.intellij.rt.testng.RemoteTestNGStarter.main(RemoteTestNGStarter.java:105)\r\nCaused by: org.openqa.selenium.ElementClickInterceptedException: element click intercepted: Element <div class=\"_mainMenuItem_fcwvhs_3\" data-test=\"main-menu-item\" data-test-marker=\"Developer Tools\">...</div> is not clickable at point (436, 36). Other element would receive the click: <div data-nosnippet=\"\" class=\"jetbrains-cookies-backdrop\"></div>\n  (Session info: chrome=135.0.7049.41)\nBuild info: version: '4.19.1', revision: 'abe0ee07dc'\nSystem info: os.name: 'Windows 11', os.arch: 'amd64', os.version: '10.0', java.version: '21.0.5'\nDriver info: org.openqa.selenium.chrome.ChromeDriver\nCommand: [fdd6e31d131aa3d76a14983702d99542, clickElement {id=f.636AC26D64A4B8707B254F28C88EE589.d.318C9899D6D360DE56DA82FAD8598763.e.78}]\nCapabilities {acceptInsecureCerts: true, browserName: chrome, browserVersion: 135.0.7049.41, chrome: {chromedriverVersion: 135.0.7049.42 (0f351bbd2617..., userDataDir: C:\\Users\\hneth\\AppData\\Loca...}, fedcm:accounts: true, goog:chromeOptions: {debuggerAddress: localhost:63592}, networkConnectionEnabled: false, pageLoadStrategy: normal, platformName: windows, proxy: Proxy(), se:cdp: ws://localhost:63592/devtoo..., se:cdpVersion: 135.0.7049.41, setWindowRect: true, strictFileInteractability: false, timeouts: {implicit: 0, pageLoad: 300000, script: 30000}, unhandledPromptBehavior: accept, webauthn:extension:credBlob: true, webauthn:extension:largeBlob: true, webauthn:extension:minPinLength: true, webauthn:extension:prf: true, webauthn:virtualAuthenticators: true}\nElement: [[ChromeDriver: chrome on windows (fdd6e31d131aa3d76a14983702d99542)] -> xpath: //div[@data-test='main-menu-item' and @data-test-marker = 'Developer Tools']]\nSession ID: fdd6e31d131aa3d76a14983702d99542\r\n\tat java.base/jdk.internal.reflect.DirectConstructorHandleAccessor.newInstance(DirectConstructorHandleAccessor.java:62)\r\n\tat java.base/java.lang.reflect.Constructor.newInstanceWithCaller(Constructor.java:502)\r\n\tat java.base/java.lang.reflect.Constructor.newInstance(Constructor.java:486)\r\n\tat org.openqa.selenium.remote.ErrorCodec.decode(ErrorCodec.java:167)\r\n\tat org.openqa.selenium.remote.codec.w3c.W3CHttpResponseCodec.decode(W3CHttpResponseCodec.java:138)\r\n\tat org.openqa.selenium.remote.codec.w3c.W3CHttpResponseCodec.decode(W3CHttpResponseCodec.java:50)\r\n\tat org.openqa.selenium.remote.HttpCommandExecutor.execute(HttpCommandExecutor.java:190)\r\n\tat org.openqa.selenium.remote.service.DriverCommandExecutor.invokeExecute(DriverCommandExecutor.java:216)\r\n\tat org.openqa.selenium.remote.service.DriverCommandExecutor.execute(DriverCommandExecutor.java:174)\r\n\tat org.openqa.selenium.remote.RemoteWebDriver.execute(RemoteWebDriver.java:518)\r\n\tat org.openqa.selenium.remote.RemoteWebElement.execute(RemoteWebElement.java:223)\r\n\tat org.openqa.selenium.remote.RemoteWebElement.click(RemoteWebElement.java:76)\r\n\tat com.codeborne.selenide.commands.Click.defaultClick(Click.java:94)\r\n\tat com.codeborne.selenide.commands.Click.doClick(Click.java:72)\r\n\tat com.codeborne.selenide.commands.Click.click(Click.java:48)\r\n\tat com.codeborne.selenide.commands.Click.execute(Click.java:28)\r\n\tat com.codeborne.selenide.FluentCommand.execute(FluentCommand.java:23)\r\n\tat com.codeborne.selenide.FluentCommand.execute(FluentCommand.java:19)\r\n\tat com.codeborne.selenide.commands.Commands.execute(Commands.java:159)\r\n\tat com.codeborne.selenide.impl.SelenideElementProxy.dispatchAndRetry(SelenideElementProxy.java:131)\r\n\t... 28 more\r\n"},"stage":"finished","steps":[],"attachments":[{"name":"Screenshot","source":"3e678443-104c-4ebe-887d-c71ed9abb4a9-attachment.png","type":"image/png"},{"name":"Page source","source":"feffeddd-1f22-42d9-858e-a40c545815fe-attachment.html","type":"text/html"}],"parameters":[],"start":1743861565199,"stop":1743861570057}],"attachments":[],"parameters":[],"start":1743861565198,"stop":1743861570062}